This is pdfTeX, Version 3.141592653-2.6-1.40.22 (TeX Live 2021) (preloaded format=pdflatex 2021.9.11)  1 NOV 2021 19:01
entering extended mode
 restricted \write18 enabled.
 file:line:error style messages enabled.
 %&-line parsing enabled.
**/Users/vathanahim/Documents/GradSchool/UNCG-Fall2021/IAC622/Assignments/IAC622_Assignment2/Latext/assignment2.tex
(/Users/vathanahim/Documents/GradSchool/UNCG-Fall2021/IAC622/Assignments/IAC622_Assignment2/Latext/assignment2.tex
LaTeX2e <2020-10-01> patch level 4
L3 programming layer <2021-02-18> (/usr/local/texlive/2021/texmf-dist/tex/latex/base/article.cls
Document Class: article 2020/04/10 v1.4m Standard LaTeX document class
(/usr/local/texlive/2021/texmf-dist/tex/latex/base/size12.clo
File: size12.clo 2020/04/10 v1.4m Standard LaTeX file (size option)
)
\c@part=\count179
\c@section=\count180
\c@subsection=\count181
\c@subsubsection=\count182
\c@paragraph=\count183
\c@subparagraph=\count184
\c@figure=\count185
\c@table=\count186
\abovecaptionskip=\skip47
\belowcaptionskip=\skip48
\bibindent=\dimen138
) (/usr/local/texlive/2021/texmf-dist/tex/latex/tree-dvips/lingmacros.sty
\c@enums=\count187
\widelabel=\dimen139
\c@tempcnt=\count188
\c@enumsi=\count189
\eeindent=\dimen140
) (/usr/local/texlive/2021/texmf-dist/tex/latex/tree-dvips/tree-dvips.sty
tree-dvips version .91 of May 16, 1995
\nodemargin=\dimen141
\treelinewidth=\dimen142
\dashlength=\dimen143
\arrowwidth=\dimen144
\arrowlength=\dimen145
\arrowinset=\dimen146
\pos@t=\toks15
\pos@b=\toks16
\pos@l=\toks17
\pos@r=\toks18
\pos@tl=\toks19
\pos@tr=\toks20
\pos@bl=\toks21
\pos@br=\toks22
\@arrow=\count190
\@tempdimc=\dimen147
) (/usr/local/texlive/2021/texmf-dist/tex/latex/tools/multicol.sty
Package: multicol 2019/12/09 v1.8y multicolumn formatting (FMi)
\c@tracingmulticols=\count191
\mult@box=\box47
\multicol@leftmargin=\dimen148
\c@unbalance=\count192
\c@collectmore=\count193
\doublecol@number=\count194
\multicoltolerance=\count195
\multicolpretolerance=\count196
\full@width=\dimen149
\page@free=\dimen150
\premulticols=\dimen151
\postmulticols=\dimen152
\multicolsep=\skip49
\multicolbaselineskip=\skip50
\partial@page=\box48
\last@line=\box49
\maxbalancingoverflow=\dimen153
\mult@rightbox=\box50
\mult@grightbox=\box51
\mult@gfirstbox=\box52
\mult@firstbox=\box53
\@tempa=\box54
\@tempa=\box55
\@tempa=\box56
\@tempa=\box57
\@tempa=\box58
\@tempa=\box59
\@tempa=\box60
\@tempa=\box61
\@tempa=\box62
\@tempa=\box63
\@tempa=\box64
\@tempa=\box65
\@tempa=\box66
\@tempa=\box67
\@tempa=\box68
\@tempa=\box69
\@tempa=\box70
\@tempa=\box71
\@tempa=\box72
\@tempa=\box73
\@tempa=\box74
\@tempa=\box75
\@tempa=\box76
\@tempa=\box77
\@tempa=\box78
\@tempa=\box79
\@tempa=\box80
\@tempa=\box81
\@tempa=\box82
\@tempa=\box83
\@tempa=\box84
\@tempa=\box85
\@tempa=\box86
\@tempa=\box87
\@tempa=\box88
\@tempa=\box89
\@tempa=\box90
\c@minrows=\count197
\c@columnbadness=\count198
\c@finalcolumnbadness=\count199
\last@try=\dimen154
\multicolovershoot=\dimen155
\multicolundershoot=\dimen156
\mult@nat@firstbox=\box91
\colbreak@box=\box92
\mc@col@check@num=\count266
) (/usr/local/texlive/2021/texmf-dist/tex/latex/graphics/graphicx.sty
Package: graphicx 2020/09/09 v1.2b Enhanced LaTeX Graphics (DPC,SPQR)
 (/usr/local/texlive/2021/texmf-dist/tex/latex/graphics/keyval.sty
Package: keyval 2014/10/28 v1.15 key=value parser (DPC)
\KV@toks@=\toks23
) (/usr/local/texlive/2021/texmf-dist/tex/latex/graphics/graphics.sty
Package: graphics 2020/08/30 v1.4c Standard LaTeX Graphics (DPC,SPQR)
 (/usr/local/texlive/2021/texmf-dist/tex/latex/graphics/trig.sty
Package: trig 2016/01/03 v1.10 sin cos tan (DPC)
) (/usr/local/texlive/2021/texmf-dist/tex/latex/graphics-cfg/graphics.cfg
File: graphics.cfg 2016/06/04 v1.11 sample graphics configuration
)
Package graphics Info: Driver file: pdftex.def on input line 105.
 (/usr/local/texlive/2021/texmf-dist/tex/latex/graphics-def/pdftex.def
File: pdftex.def 2020/10/05 v1.2a Graphics/color driver for pdftex
))
\Gin@req@height=\dimen157
\Gin@req@width=\dimen158
) (/usr/local/texlive/2021/texmf-dist/tex/latex/placeins/placeins.sty
Package: placeins 2005/04/18  v 2.2
) (/usr/local/texlive/2021/texmf-dist/tex/latex/hyperref/hyperref.sty
Package: hyperref 2021-02-27 v7.00k Hypertext links for LaTeX
 (/usr/local/texlive/2021/texmf-dist/tex/generic/ltxcmds/ltxcmds.sty
Package: ltxcmds 2020-05-10 v1.25 LaTeX kernel commands for general use (HO)
) (/usr/local/texlive/2021/texmf-dist/tex/generic/iftex/iftex.sty
Package: iftex 2020/03/06 v1.0d TeX engine tests
) (/usr/local/texlive/2021/texmf-dist/tex/generic/pdftexcmds/pdftexcmds.sty
Package: pdftexcmds 2020-06-27 v0.33 Utility functions of pdfTeX for LuaTeX (HO)
 (/usr/local/texlive/2021/texmf-dist/tex/generic/infwarerr/infwarerr.sty
Package: infwarerr 2019/12/03 v1.5 Providing info/warning/error messages (HO)
)
Package pdftexcmds Info: \pdf@primitive is available.
Package pdftexcmds Info: \pdf@ifprimitive is available.
Package pdftexcmds Info: \pdfdraftmode found.
) (/usr/local/texlive/2021/texmf-dist/tex/generic/kvsetkeys/kvsetkeys.sty
Package: kvsetkeys 2019/12/15 v1.18 Key value parser (HO)
) (/usr/local/texlive/2021/texmf-dist/tex/generic/kvdefinekeys/kvdefinekeys.sty
Package: kvdefinekeys 2019-12-19 v1.6 Define keys (HO)
) (/usr/local/texlive/2021/texmf-dist/tex/generic/pdfescape/pdfescape.sty
Package: pdfescape 2019/12/09 v1.15 Implements pdfTeX's escape features (HO)
) (/usr/local/texlive/2021/texmf-dist/tex/latex/hycolor/hycolor.sty
Package: hycolor 2020-01-27 v1.10 Color options for hyperref/bookmark (HO)
) (/usr/local/texlive/2021/texmf-dist/tex/latex/letltxmacro/letltxmacro.sty
Package: letltxmacro 2019/12/03 v1.6 Let assignment for LaTeX macros (HO)
) (/usr/local/texlive/2021/texmf-dist/tex/latex/auxhook/auxhook.sty
Package: auxhook 2019-12-17 v1.6 Hooks for auxiliary files (HO)
) (/usr/local/texlive/2021/texmf-dist/tex/latex/kvoptions/kvoptions.sty
Package: kvoptions 2020-10-07 v3.14 Key value format for package options (HO)
)
\@linkdim=\dimen159
\Hy@linkcounter=\count267
\Hy@pagecounter=\count268
 (/usr/local/texlive/2021/texmf-dist/tex/latex/hyperref/pd1enc.def
File: pd1enc.def 2021-02-27 v7.00k Hyperref: PDFDocEncoding definition (HO)
Now handling font encoding PD1 ...
... no UTF-8 mapping file for font encoding PD1
) (/usr/local/texlive/2021/texmf-dist/tex/latex/hyperref/hyperref-langpatches.def
File: hyperref-langpatches.def 2021-02-27 v7.00k Hyperref: patches for babel languages
) (/usr/local/texlive/2021/texmf-dist/tex/generic/intcalc/intcalc.sty
Package: intcalc 2019/12/15 v1.3 Expandable calculations with integers (HO)
) (/usr/local/texlive/2021/texmf-dist/tex/generic/etexcmds/etexcmds.sty
Package: etexcmds 2019/12/15 v1.7 Avoid name clashes with e-TeX commands (HO)
)
\Hy@SavedSpaceFactor=\count269
 (/usr/local/texlive/2021/texmf-dist/tex/latex/hyperref/puenc.def
File: puenc.def 2021-02-27 v7.00k Hyperref: PDF Unicode definition (HO)
Now handling font encoding PU ...
... no UTF-8 mapping file for font encoding PU
)
Package hyperref Info: Hyper figures OFF on input line 4192.
Package hyperref Info: Link nesting OFF on input line 4197.
Package hyperref Info: Hyper index ON on input line 4200.
Package hyperref Info: Plain pages OFF on input line 4207.
Package hyperref Info: Backreferencing OFF on input line 4212.
Package hyperref Info: Implicit mode ON; LaTeX internals redefined.
Package hyperref Info: Bookmarks ON on input line 4445.
\c@Hy@tempcnt=\count270
 (/usr/local/texlive/2021/texmf-dist/tex/latex/url/url.sty
\Urlmuskip=\muskip16
Package: url 2013/09/16  ver 3.4  Verb mode for urls, etc.
)
LaTeX Info: Redefining \url on input line 4804.
\XeTeXLinkMargin=\dimen160
 (/usr/local/texlive/2021/texmf-dist/tex/generic/bitset/bitset.sty
Package: bitset 2019/12/09 v1.3 Handle bit-vector datatype (HO)
 (/usr/local/texlive/2021/texmf-dist/tex/generic/bigintcalc/bigintcalc.sty
Package: bigintcalc 2019/12/15 v1.5 Expandable calculations on big integers (HO)
))
\Fld@menulength=\count271
\Field@Width=\dimen161
\Fld@charsize=\dimen162
Package hyperref Info: Hyper figures OFF on input line 6075.
Package hyperref Info: Link nesting OFF on input line 6080.
Package hyperref Info: Hyper index ON on input line 6083.
Package hyperref Info: backreferencing OFF on input line 6090.
Package hyperref Info: Link coloring OFF on input line 6095.
Package hyperref Info: Link coloring with OCG OFF on input line 6100.
Package hyperref Info: PDF/A mode OFF on input line 6105.
LaTeX Info: Redefining \ref on input line 6145.
LaTeX Info: Redefining \pageref on input line 6149.
 (/usr/local/texlive/2021/texmf-dist/tex/latex/base/atbegshi-ltx.sty
Package: atbegshi-ltx 2020/08/17 v1.0a Emulation of the original atbegshi package
with kernel methods
)
\Hy@abspage=\count272
\c@Item=\count273
\c@Hfootnote=\count274
)
Package hyperref Info: Driver (autodetected): hpdftex.
 (/usr/local/texlive/2021/texmf-dist/tex/latex/hyperref/hpdftex.def
File: hpdftex.def 2021-02-27 v7.00k Hyperref driver for pdfTeX
 (/usr/local/texlive/2021/texmf-dist/tex/latex/base/atveryend-ltx.sty
Package: atveryend-ltx 2020/08/19 v1.0a Emulation of the original atvery package
with kernel methods
)
\Fld@listcount=\count275
\c@bookmark@seq@number=\count276
 (/usr/local/texlive/2021/texmf-dist/tex/latex/rerunfilecheck/rerunfilecheck.sty
Package: rerunfilecheck 2019/12/05 v1.9 Rerun checks for auxiliary files (HO)
 (/usr/local/texlive/2021/texmf-dist/tex/generic/uniquecounter/uniquecounter.sty
Package: uniquecounter 2019/12/15 v1.4 Provide unlimited unique counter (HO)
)
Package uniquecounter Info: New unique counter `rerunfilecheck' on input line 286.
)
\Hy@SectionHShift=\skip51
) (/usr/local/texlive/2021/texmf-dist/tex/latex/caption/caption.sty
Package: caption 2020/10/26 v3.5g Customizing captions (AR)
 (/usr/local/texlive/2021/texmf-dist/tex/latex/caption/caption3.sty
Package: caption3 2020/10/21 v2.2e caption3 kernel (AR)
\captionmargin=\dimen163
\captionmargin@=\dimen164
\captionwidth=\dimen165
\caption@tempdima=\dimen166
\caption@indent=\dimen167
\caption@parindent=\dimen168
\caption@hangindent=\dimen169
Package caption Info: Standard document class detected.
)
\c@caption@flags=\count277
\c@continuedfloat=\count278
Package caption Info: hyperref package is loaded.
) (/usr/local/texlive/2021/texmf-dist/tex/latex/listings/listings.sty
\lst@mode=\count279
\lst@gtempboxa=\box93
\lst@token=\toks24
\lst@length=\count280
\lst@currlwidth=\dimen170
\lst@column=\count281
\lst@pos=\count282
\lst@lostspace=\dimen171
\lst@width=\dimen172
\lst@newlines=\count283
\lst@lineno=\count284
\lst@maxwidth=\dimen173
 (/usr/local/texlive/2021/texmf-dist/tex/latex/listings/lstmisc.sty
File: lstmisc.sty 2020/03/24 1.8d (Carsten Heinz)
\c@lstnumber=\count285
\lst@skipnumbers=\count286
\lst@framebox=\box94
) (/usr/local/texlive/2021/texmf-dist/tex/latex/listings/listings.cfg
File: listings.cfg 2020/03/24 1.8d listings configuration
))
Package: listings 2020/03/24 1.8d (Carsten Heinz)
 (/usr/local/texlive/2021/texmf-dist/tex/latex/tools/indentfirst.sty
Package: indentfirst 1995/11/23 v1.03 Indent first paragraph (DPC)
)
Package hyperref Info: Option `colorlinks' set `true' on input line 18.
 (/usr/local/texlive/2021/texmf-dist/tex/latex/l3backend/l3backend-pdftex.def
File: l3backend-pdftex.def 2021-03-18 L3 backend support: PDF output (pdfTeX)
\l__color_backend_stack_int=\count287
\l__pdf_internal_box=\box95
) (/Users/vathanahim/Documents/GradSchool/UNCG-Fall2021/IAC622/Assignments/IAC622_Assignment2/Latext/assignment2.aux)
\openout1 = `assignment2.aux'.

LaTeX Font Info:    Checking defaults for OML/cmm/m/it on input line 23.
LaTeX Font Info:    ... okay on input line 23.
LaTeX Font Info:    Checking defaults for OMS/cmsy/m/n on input line 23.
LaTeX Font Info:    ... okay on input line 23.
LaTeX Font Info:    Checking defaults for OT1/cmr/m/n on input line 23.
LaTeX Font Info:    ... okay on input line 23.
LaTeX Font Info:    Checking defaults for T1/cmr/m/n on input line 23.
LaTeX Font Info:    ... okay on input line 23.
LaTeX Font Info:    Checking defaults for TS1/cmr/m/n on input line 23.
LaTeX Font Info:    ... okay on input line 23.
LaTeX Font Info:    Checking defaults for OMX/cmex/m/n on input line 23.
LaTeX Font Info:    ... okay on input line 23.
LaTeX Font Info:    Checking defaults for U/cmr/m/n on input line 23.
LaTeX Font Info:    ... okay on input line 23.
LaTeX Font Info:    Checking defaults for PD1/pdf/m/n on input line 23.
LaTeX Font Info:    ... okay on input line 23.
LaTeX Font Info:    Checking defaults for PU/pdf/m/n on input line 23.
LaTeX Font Info:    ... okay on input line 23.
 (/usr/local/texlive/2021/texmf-dist/tex/context/base/mkii/supp-pdf.mkii
[Loading MPS to PDF converter (version 2006.09.02).]
\scratchcounter=\count288
\scratchdimen=\dimen174
\scratchbox=\box96
\nofMPsegments=\count289
\nofMParguments=\count290
\everyMPshowfont=\toks25
\MPscratchCnt=\count291
\MPscratchDim=\dimen175
\MPnumerator=\count292
\makeMPintoPDFobject=\count293
\everyMPtoPDFconversion=\toks26
) (/usr/local/texlive/2021/texmf-dist/tex/latex/epstopdf-pkg/epstopdf-base.sty
Package: epstopdf-base 2020-01-24 v2.11 Base part for package epstopdf
Package epstopdf-base Info: Redefining graphics rule for `.eps' on input line 485.
 (/usr/local/texlive/2021/texmf-dist/tex/latex/latexconfig/epstopdf-sys.cfg
File: epstopdf-sys.cfg 2010/07/13 v1.3 Configuration of (r)epstopdf for TeX Live
)) (/usr/local/texlive/2021/texmf-dist/tex/latex/graphics/color.sty
Package: color 2020/02/24 v1.2b Standard LaTeX Color (DPC)
 (/usr/local/texlive/2021/texmf-dist/tex/latex/graphics-cfg/color.cfg
File: color.cfg 2016/01/02 v1.6 sample color configuration
)
Package color Info: Driver file: pdftex.def on input line 147.
)
Package hyperref Info: Link coloring ON on input line 23.
 (/usr/local/texlive/2021/texmf-dist/tex/latex/hyperref/nameref.sty
Package: nameref 2021-04-02 v2.47 Cross-referencing by name of section
 (/usr/local/texlive/2021/texmf-dist/tex/latex/refcount/refcount.sty
Package: refcount 2019/12/15 v3.6 Data extraction from label references (HO)
) (/usr/local/texlive/2021/texmf-dist/tex/generic/gettitlestring/gettitlestring.sty
Package: gettitlestring 2019/12/15 v1.6 Cleanup title references (HO)
)
\c@section@level=\count294
)
LaTeX Info: Redefining \ref on input line 23.
LaTeX Info: Redefining \pageref on input line 23.
LaTeX Info: Redefining \nameref on input line 23.
 (/Users/vathanahim/Documents/GradSchool/UNCG-Fall2021/IAC622/Assignments/IAC622_Assignment2/Latext/assignment2.out) (/Users/vathanahim/Documents/GradSchool/UNCG-Fall2021/IAC622/Assignments/IAC622_Assignment2/Latext/assignment2.out)
\@outlinefile=\write3
\openout3 = `assignment2.out'.

Package caption Info: Begin \AtBeginDocument code.
Package caption Info: listings package is loaded.
Package caption Info: End \AtBeginDocument code.
\c@lstlisting=\count295
LaTeX Font Info:    External font `cmex10' loaded for size
(Font)              <14.4> on input line 25.
LaTeX Font Info:    External font `cmex10' loaded for size
(Font)              <7> on input line 25.
 [1


Non-PDF special ignored!
<special> header=tree-dvips91.pro
{/usr/local/texlive/2021/texmf-var/fonts/map/pdftex/updmap/pdftex.map}]

Package caption Warning: The option `hypcap=true' will be ignored for this
(caption)                particular \caption on input line 63.
See the caption package documentation for explanation.

[2]
<../screenshot/train_non_over_01.png, id=32, 447.6725pt x 346.29375pt>
File: ../screenshot/train_non_over_01.png Graphic file (type png)
<use ../screenshot/train_non_over_01.png>
Package pdftex.def Info: ../screenshot/train_non_over_01.png  used on input line 64.
(pdftex.def)             Requested size: 134.30278pt x 103.88892pt.


Package caption Warning: The option `hypcap=true' will be ignored for this
(caption)                particular \caption on input line 66.
See the caption package documentation for explanation.

<../screenshot/test_non_over_01.png, id=34, 473.77pt x 342.27875pt>
File: ../screenshot/test_non_over_01.png Graphic file (type png)
<use ../screenshot/test_non_over_01.png>
Package pdftex.def Info: ../screenshot/test_non_over_01.png  used on input line 67.
(pdftex.def)             Requested size: 142.1321pt x 102.6844pt.

Package caption Warning: The option `hypcap=true' will be ignored for this
(caption)                particular \caption on input line 69.
See the caption package documentation for explanation.

<../screenshot/train_non_over_012.png, id=35, 497.86pt x 339.2675pt>
File: ../screenshot/train_non_over_012.png Graphic file (type png)
<use ../screenshot/train_non_over_012.png>
Package pdftex.def Info: ../screenshot/train_non_over_012.png  used on input line 70.
(pdftex.def)             Requested size: 149.35915pt x 101.78102pt.

Package caption Warning: The option `hypcap=true' will be ignored for this
(caption)                particular \caption on input line 72.
See the caption package documentation for explanation.

<../screenshot/test_non_over_012.png, id=36, 448.67625pt x 345.29pt>
File: ../screenshot/test_non_over_012.png Graphic file (type png)
<use ../screenshot/test_non_over_012.png>
Package pdftex.def Info: ../screenshot/test_non_over_012.png  used on input line 73.
(pdftex.def)             Requested size: 134.60391pt x 103.58778pt.

Package caption Warning: The option `hypcap=true' will be ignored for this
(caption)                particular \caption on input line 75.
See the caption package documentation for explanation.

<../screenshot/train_over_01.png, id=37, 440.64626pt x 335.2525pt>
File: ../screenshot/train_over_01.png Graphic file (type png)
<use ../screenshot/train_over_01.png>
Package pdftex.def Info: ../screenshot/train_over_01.png  used on input line 76.
(pdftex.def)             Requested size: 132.19489pt x 100.57652pt.

Package caption Warning: The option `hypcap=true' will be ignored for this
(caption)                particular \caption on input line 78.
See the caption package documentation for explanation.

<../screenshot/test_over_01.png, id=38, 451.6875pt x 342.27875pt>
File: ../screenshot/test_over_01.png Graphic file (type png)
<use ../screenshot/test_over_01.png>
Package pdftex.def Info: ../screenshot/test_over_01.png  used on input line 79.
(pdftex.def)             Requested size: 135.5073pt x 102.6844pt.

Package caption Warning: The option `hypcap=true' will be ignored for this
(caption)                particular \caption on input line 81.
See the caption package documentation for explanation.

<../screenshot/train_over_012.png, id=39, 459.7175pt x 340.27126pt>
File: ../screenshot/train_over_012.png Graphic file (type png)
<use ../screenshot/train_over_012.png>
Package pdftex.def Info: ../screenshot/train_over_012.png  used on input line 82.
(pdftex.def)             Requested size: 137.9163pt x 102.08215pt.

Package caption Warning: The option `hypcap=true' will be ignored for this
(caption)                particular \caption on input line 84.
See the caption package documentation for explanation.

<../screenshot/test_over_012.png, id=40, 453.695pt x 339.2675pt>
File: ../screenshot/test_over_012.png Graphic file (type png)
<use ../screenshot/test_over_012.png>
Package pdftex.def Info: ../screenshot/test_over_012.png  used on input line 85.
(pdftex.def)             Requested size: 136.10954pt x 101.78102pt.
[3 </Users/vathanahim/Documents/GradSchool/UNCG-Fall2021/IAC622/Assignments/IAC622_Assignment2/Latext/../screenshot/train_non_over_01.png> </Users/vathanahim/Documents/GradSchool/UNCG-Fall2021/IAC622/Assignments/IAC622_Assignment2/Latext/../screenshot/test_non_over_01.png> </Users/vathanahim/Documents/GradSchool/UNCG-Fall2021/IAC622/Assignments/IAC622_Assignment2/Latext/../screenshot/train_non_over_012.png> </Users/vathanahim/Documents/GradSchool/UNCG-Fall2021/IAC622/Assignments/IAC622_Assignment2/Latext/../screenshot/test_non_over_012.png> </Users/vathanahim/Documents/GradSchool/UNCG-Fall2021/IAC622/Assignments/IAC622_Assignment2/Latext/../screenshot/train_over_01.png> </Users/vathanahim/Documents/GradSchool/UNCG-Fall2021/IAC622/Assignments/IAC622_Assignment2/Latext/../screenshot/test_over_01.png> </Users/vathanahim/Documents/GradSchool/UNCG-Fall2021/IAC622/Assignments/IAC622_Assignment2/Latext/../screenshot/train_over_012.png>]

Package caption Warning: The option `hypcap=true' will be ignored for this
(caption)                particular \caption on input line 105.
See the caption package documentation for explanation.

<../screenshot/train_scatter_non_over_01.png, id=60, 397.485pt x 284.06125pt>
File: ../screenshot/train_scatter_non_over_01.png Graphic file (type png)
<use ../screenshot/train_scatter_non_over_01.png>
Package pdftex.def Info: ../screenshot/train_scatter_non_over_01.png  used on input line 106.
(pdftex.def)             Requested size: 119.24641pt x 85.21902pt.

Package caption Warning: The option `hypcap=true' will be ignored for this
(caption)                particular \caption on input line 108.
See the caption package documentation for explanation.

<../screenshot/test_scatter_non_over_01.png, id=61, 422.57875pt x 302.12875pt>
File: ../screenshot/test_scatter_non_over_01.png Graphic file (type png)
<use ../screenshot/test_scatter_non_over_01.png>
Package pdftex.def Info: ../screenshot/test_scatter_non_over_01.png  used on input line 109.
(pdftex.def)             Requested size: 126.7746pt x 90.63931pt.

Package caption Warning: The option `hypcap=true' will be ignored for this
(caption)                particular \caption on input line 111.
See the caption package documentation for explanation.

<../screenshot/train_scatter_nonover_012.png, id=62, 422.57875pt x 277.035pt>
File: ../screenshot/train_scatter_nonover_012.png Graphic file (type png)
<use ../screenshot/train_scatter_nonover_012.png>
Package pdftex.def Info: ../screenshot/train_scatter_nonover_012.png  used on input line 112.
(pdftex.def)             Requested size: 126.7746pt x 83.11113pt.

Package caption Warning: The option `hypcap=true' will be ignored for this
(caption)                particular \caption on input line 114.
See the caption package documentation for explanation.

[4 </Users/vathanahim/Documents/GradSchool/UNCG-Fall2021/IAC622/Assignments/IAC622_Assignment2/Latext/../screenshot/test_over_012.png> </Users/vathanahim/Documents/GradSchool/UNCG-Fall2021/IAC622/Assignments/IAC622_Assignment2/Latext/../screenshot/train_scatter_non_over_01.png> </Users/vathanahim/Documents/GradSchool/UNCG-Fall2021/IAC622/Assignments/IAC622_Assignment2/Latext/../screenshot/test_scatter_non_over_01.png>]
<../screenshot/test_scatter_nonover_012.png, id=72, 403.5075pt x 264.99pt>
File: ../screenshot/test_scatter_nonover_012.png Graphic file (type png)
<use ../screenshot/test_scatter_nonover_012.png>
Package pdftex.def Info: ../screenshot/test_scatter_nonover_012.png  used on input line 115.
(pdftex.def)             Requested size: 121.05318pt x 79.4976pt.


Package caption Warning: The option `hypcap=true' will be ignored for this
(caption)                particular \caption on input line 117.
See the caption package documentation for explanation.

<../screenshot/train_scatter_over_01.png, id=73, 407.5225pt x 286.06876pt>
File: ../screenshot/train_scatter_over_01.png Graphic file (type png)
<use ../screenshot/train_scatter_over_01.png>
Package pdftex.def Info: ../screenshot/train_scatter_over_01.png  used on input line 118.
(pdftex.def)             Requested size: 122.25769pt x 85.82129pt.

Package caption Warning: The option `hypcap=true' will be ignored for this
(caption)                particular \caption on input line 120.
See the caption package documentation for explanation.

<../screenshot/test_scatter_01.png, id=74, 402.50375pt x 263.98625pt>
File: ../screenshot/test_scatter_01.png Graphic file (type png)
<use ../screenshot/test_scatter_01.png>
Package pdftex.def Info: ../screenshot/test_scatter_01.png  used on input line 121.
(pdftex.def)             Requested size: 120.75204pt x 79.19647pt.

Package caption Warning: The option `hypcap=true' will be ignored for this
(caption)                particular \caption on input line 123.
See the caption package documentation for explanation.

<../screenshot/train_scatter_012.png, id=75, 399.4925pt x 278.03876pt>
File: ../screenshot/train_scatter_012.png Graphic file (type png)
<use ../screenshot/train_scatter_012.png>
Package pdftex.def Info: ../screenshot/train_scatter_012.png  used on input line 124.
(pdftex.def)             Requested size: 119.84866pt x 83.41226pt.

Package caption Warning: The option `hypcap=true' will be ignored for this
(caption)                particular \caption on input line 126.
See the caption package documentation for explanation.

<../screenshot/test_scatter_012.png, id=76, 422.57875pt x 287.0725pt>
File: ../screenshot/test_scatter_012.png Graphic file (type png)
<use ../screenshot/test_scatter_012.png>
Package pdftex.def Info: ../screenshot/test_scatter_012.png  used on input line 127.
(pdftex.def)             Requested size: 126.7746pt x 86.1224pt.
[5 </Users/vathanahim/Documents/GradSchool/UNCG-Fall2021/IAC622/Assignments/IAC622_Assignment2/Latext/../screenshot/train_scatter_nonover_012.png> </Users/vathanahim/Documents/GradSchool/UNCG-Fall2021/IAC622/Assignments/IAC622_Assignment2/Latext/../screenshot/test_scatter_nonover_012.png> </Users/vathanahim/Documents/GradSchool/UNCG-Fall2021/IAC622/Assignments/IAC622_Assignment2/Latext/../screenshot/train_scatter_over_01.png> </Users/vathanahim/Documents/GradSchool/UNCG-Fall2021/IAC622/Assignments/IAC622_Assignment2/Latext/../screenshot/test_scatter_01.png> </Users/vathanahim/Documents/GradSchool/UNCG-Fall2021/IAC622/Assignments/IAC622_Assignment2/Latext/../screenshot/train_scatter_012.png> </Users/vathanahim/Documents/GradSchool/UNCG-Fall2021/IAC622/Assignments/IAC622_Assignment2/Latext/../screenshot/test_scatter_012.png>] (/Users/vathanahim/Documents/GradSchool/UNCG-Fall2021/IAC622/Assignments/IAC622_Assignment2/Latext/assignment2.aux)
Package rerunfilecheck Info: File `assignment2.out' has not changed.
(rerunfilecheck)             Checksum: 2D082D466D16A30710B3082E7A18928D;459.
 ) 
Here is how much of TeX's memory you used:
 10698 strings out of 478994
 167580 string characters out of 5858184
 465844 words of memory out of 5000000
 28033 multiletter control sequences out of 15000+600000
 406818 words of font info for 38 fonts, out of 8000000 for 9000
 1141 hyphenation exceptions out of 8191
 71i,6n,74p,344b,676s stack positions out of 5000i,500n,10000p,200000b,80000s
</usr/local/texlive/2021/texmf-dist/fonts/type1/public/amsfonts/cm/cmbx12.pfb></usr/local/texlive/2021/texmf-dist/fonts/type1/public/amsfonts/cm/cmbxti10.pfb></usr/local/texlive/2021/texmf-dist/fonts/type1/public/amsfonts/cm/cmr12.pfb>
Output written on /Users/vathanahim/Documents/GradSchool/UNCG-Fall2021/IAC622/Assignments/IAC622_Assignment2/Latext/assignment2.pdf (5 pages, 410334 bytes).
PDF statistics:
 112 PDF objects out of 1000 (max. 8388607)
 69 compressed objects within 1 object stream
 26 named destinations out of 1000 (max. 500000)
 113 words of extra memory for PDF output out of 10000 (max. 10000000)

