This is pdfTeX, Version 3.141592653-2.6-1.40.22 (TeX Live 2021) (preloaded format=pdflatex 2021.9.11)  17 NOV 2021 14:33
entering extended mode
 restricted \write18 enabled.
 file:line:error style messages enabled.
 %&-line parsing enabled.
**/Users/vathanahim/Documents/GradSchool/UNCG-Fall2021/IAC622/Assignments/IAC622_Assignment3/Latex/assignment3.tex
(/Users/vathanahim/Documents/GradSchool/UNCG-Fall2021/IAC622/Assignments/IAC622_Assignment3/Latex/assignment3.tex
LaTeX2e <2020-10-01> patch level 4
L3 programming layer <2021-02-18> (/usr/local/texlive/2021/texmf-dist/tex/latex/base/article.cls
Document Class: article 2020/04/10 v1.4m Standard LaTeX document class
(/usr/local/texlive/2021/texmf-dist/tex/latex/base/size12.clo
File: size12.clo 2020/04/10 v1.4m Standard LaTeX file (size option)
)
\c@part=\count179
\c@section=\count180
\c@subsection=\count181
\c@subsubsection=\count182
\c@paragraph=\count183
\c@subparagraph=\count184
\c@figure=\count185
\c@table=\count186
\abovecaptionskip=\skip47
\belowcaptionskip=\skip48
\bibindent=\dimen138
) (/usr/local/texlive/2021/texmf-dist/tex/latex/tree-dvips/lingmacros.sty
\c@enums=\count187
\widelabel=\dimen139
\c@tempcnt=\count188
\c@enumsi=\count189
\eeindent=\dimen140
) (/usr/local/texlive/2021/texmf-dist/tex/latex/tree-dvips/tree-dvips.sty
tree-dvips version .91 of May 16, 1995
\nodemargin=\dimen141
\treelinewidth=\dimen142
\dashlength=\dimen143
\arrowwidth=\dimen144
\arrowlength=\dimen145
\arrowinset=\dimen146
\pos@t=\toks15
\pos@b=\toks16
\pos@l=\toks17
\pos@r=\toks18
\pos@tl=\toks19
\pos@tr=\toks20
\pos@bl=\toks21
\pos@br=\toks22
\@arrow=\count190
\@tempdimc=\dimen147
) (/usr/local/texlive/2021/texmf-dist/tex/latex/tools/multicol.sty
Package: multicol 2019/12/09 v1.8y multicolumn formatting (FMi)
\c@tracingmulticols=\count191
\mult@box=\box47
\multicol@leftmargin=\dimen148
\c@unbalance=\count192
\c@collectmore=\count193
\doublecol@number=\count194
\multicoltolerance=\count195
\multicolpretolerance=\count196
\full@width=\dimen149
\page@free=\dimen150
\premulticols=\dimen151
\postmulticols=\dimen152
\multicolsep=\skip49
\multicolbaselineskip=\skip50
\partial@page=\box48
\last@line=\box49
\maxbalancingoverflow=\dimen153
\mult@rightbox=\box50
\mult@grightbox=\box51
\mult@gfirstbox=\box52
\mult@firstbox=\box53
\@tempa=\box54
\@tempa=\box55
\@tempa=\box56
\@tempa=\box57
\@tempa=\box58
\@tempa=\box59
\@tempa=\box60
\@tempa=\box61
\@tempa=\box62
\@tempa=\box63
\@tempa=\box64
\@tempa=\box65
\@tempa=\box66
\@tempa=\box67
\@tempa=\box68
\@tempa=\box69
\@tempa=\box70
\@tempa=\box71
\@tempa=\box72
\@tempa=\box73
\@tempa=\box74
\@tempa=\box75
\@tempa=\box76
\@tempa=\box77
\@tempa=\box78
\@tempa=\box79
\@tempa=\box80
\@tempa=\box81
\@tempa=\box82
\@tempa=\box83
\@tempa=\box84
\@tempa=\box85
\@tempa=\box86
\@tempa=\box87
\@tempa=\box88
\@tempa=\box89
\@tempa=\box90
\c@minrows=\count197
\c@columnbadness=\count198
\c@finalcolumnbadness=\count199
\last@try=\dimen154
\multicolovershoot=\dimen155
\multicolundershoot=\dimen156
\mult@nat@firstbox=\box91
\colbreak@box=\box92
\mc@col@check@num=\count266
) (/usr/local/texlive/2021/texmf-dist/tex/latex/graphics/graphicx.sty
Package: graphicx 2020/09/09 v1.2b Enhanced LaTeX Graphics (DPC,SPQR)
 (/usr/local/texlive/2021/texmf-dist/tex/latex/graphics/keyval.sty
Package: keyval 2014/10/28 v1.15 key=value parser (DPC)
\KV@toks@=\toks23
) (/usr/local/texlive/2021/texmf-dist/tex/latex/graphics/graphics.sty
Package: graphics 2020/08/30 v1.4c Standard LaTeX Graphics (DPC,SPQR)
 (/usr/local/texlive/2021/texmf-dist/tex/latex/graphics/trig.sty
Package: trig 2016/01/03 v1.10 sin cos tan (DPC)
) (/usr/local/texlive/2021/texmf-dist/tex/latex/graphics-cfg/graphics.cfg
File: graphics.cfg 2016/06/04 v1.11 sample graphics configuration
)
Package graphics Info: Driver file: pdftex.def on input line 105.
 (/usr/local/texlive/2021/texmf-dist/tex/latex/graphics-def/pdftex.def
File: pdftex.def 2020/10/05 v1.2a Graphics/color driver for pdftex
))
\Gin@req@height=\dimen157
\Gin@req@width=\dimen158
) (/usr/local/texlive/2021/texmf-dist/tex/latex/placeins/placeins.sty
Package: placeins 2005/04/18  v 2.2
) (/usr/local/texlive/2021/texmf-dist/tex/latex/hyperref/hyperref.sty
Package: hyperref 2021-02-27 v7.00k Hypertext links for LaTeX
 (/usr/local/texlive/2021/texmf-dist/tex/generic/ltxcmds/ltxcmds.sty
Package: ltxcmds 2020-05-10 v1.25 LaTeX kernel commands for general use (HO)
) (/usr/local/texlive/2021/texmf-dist/tex/generic/iftex/iftex.sty
Package: iftex 2020/03/06 v1.0d TeX engine tests
) (/usr/local/texlive/2021/texmf-dist/tex/generic/pdftexcmds/pdftexcmds.sty
Package: pdftexcmds 2020-06-27 v0.33 Utility functions of pdfTeX for LuaTeX (HO)
 (/usr/local/texlive/2021/texmf-dist/tex/generic/infwarerr/infwarerr.sty
Package: infwarerr 2019/12/03 v1.5 Providing info/warning/error messages (HO)
)
Package pdftexcmds Info: \pdf@primitive is available.
Package pdftexcmds Info: \pdf@ifprimitive is available.
Package pdftexcmds Info: \pdfdraftmode found.
) (/usr/local/texlive/2021/texmf-dist/tex/generic/kvsetkeys/kvsetkeys.sty
Package: kvsetkeys 2019/12/15 v1.18 Key value parser (HO)
) (/usr/local/texlive/2021/texmf-dist/tex/generic/kvdefinekeys/kvdefinekeys.sty
Package: kvdefinekeys 2019-12-19 v1.6 Define keys (HO)
) (/usr/local/texlive/2021/texmf-dist/tex/generic/pdfescape/pdfescape.sty
Package: pdfescape 2019/12/09 v1.15 Implements pdfTeX's escape features (HO)
) (/usr/local/texlive/2021/texmf-dist/tex/latex/hycolor/hycolor.sty
Package: hycolor 2020-01-27 v1.10 Color options for hyperref/bookmark (HO)
) (/usr/local/texlive/2021/texmf-dist/tex/latex/letltxmacro/letltxmacro.sty
Package: letltxmacro 2019/12/03 v1.6 Let assignment for LaTeX macros (HO)
) (/usr/local/texlive/2021/texmf-dist/tex/latex/auxhook/auxhook.sty
Package: auxhook 2019-12-17 v1.6 Hooks for auxiliary files (HO)
) (/usr/local/texlive/2021/texmf-dist/tex/latex/kvoptions/kvoptions.sty
Package: kvoptions 2020-10-07 v3.14 Key value format for package options (HO)
)
\@linkdim=\dimen159
\Hy@linkcounter=\count267
\Hy@pagecounter=\count268
 (/usr/local/texlive/2021/texmf-dist/tex/latex/hyperref/pd1enc.def
File: pd1enc.def 2021-02-27 v7.00k Hyperref: PDFDocEncoding definition (HO)
Now handling font encoding PD1 ...
... no UTF-8 mapping file for font encoding PD1
) (/usr/local/texlive/2021/texmf-dist/tex/latex/hyperref/hyperref-langpatches.def
File: hyperref-langpatches.def 2021-02-27 v7.00k Hyperref: patches for babel languages
) (/usr/local/texlive/2021/texmf-dist/tex/generic/intcalc/intcalc.sty
Package: intcalc 2019/12/15 v1.3 Expandable calculations with integers (HO)
) (/usr/local/texlive/2021/texmf-dist/tex/generic/etexcmds/etexcmds.sty
Package: etexcmds 2019/12/15 v1.7 Avoid name clashes with e-TeX commands (HO)
)
\Hy@SavedSpaceFactor=\count269
 (/usr/local/texlive/2021/texmf-dist/tex/latex/hyperref/puenc.def
File: puenc.def 2021-02-27 v7.00k Hyperref: PDF Unicode definition (HO)
Now handling font encoding PU ...
... no UTF-8 mapping file for font encoding PU
)
Package hyperref Info: Hyper figures OFF on input line 4192.
Package hyperref Info: Link nesting OFF on input line 4197.
Package hyperref Info: Hyper index ON on input line 4200.
Package hyperref Info: Plain pages OFF on input line 4207.
Package hyperref Info: Backreferencing OFF on input line 4212.
Package hyperref Info: Implicit mode ON; LaTeX internals redefined.
Package hyperref Info: Bookmarks ON on input line 4445.
\c@Hy@tempcnt=\count270
 (/usr/local/texlive/2021/texmf-dist/tex/latex/url/url.sty
\Urlmuskip=\muskip16
Package: url 2013/09/16  ver 3.4  Verb mode for urls, etc.
)
LaTeX Info: Redefining \url on input line 4804.
\XeTeXLinkMargin=\dimen160
 (/usr/local/texlive/2021/texmf-dist/tex/generic/bitset/bitset.sty
Package: bitset 2019/12/09 v1.3 Handle bit-vector datatype (HO)
 (/usr/local/texlive/2021/texmf-dist/tex/generic/bigintcalc/bigintcalc.sty
Package: bigintcalc 2019/12/15 v1.5 Expandable calculations on big integers (HO)
))
\Fld@menulength=\count271
\Field@Width=\dimen161
\Fld@charsize=\dimen162
Package hyperref Info: Hyper figures OFF on input line 6075.
Package hyperref Info: Link nesting OFF on input line 6080.
Package hyperref Info: Hyper index ON on input line 6083.
Package hyperref Info: backreferencing OFF on input line 6090.
Package hyperref Info: Link coloring OFF on input line 6095.
Package hyperref Info: Link coloring with OCG OFF on input line 6100.
Package hyperref Info: PDF/A mode OFF on input line 6105.
LaTeX Info: Redefining \ref on input line 6145.
LaTeX Info: Redefining \pageref on input line 6149.
 (/usr/local/texlive/2021/texmf-dist/tex/latex/base/atbegshi-ltx.sty
Package: atbegshi-ltx 2020/08/17 v1.0a Emulation of the original atbegshi package
with kernel methods
)
\Hy@abspage=\count272
\c@Item=\count273
\c@Hfootnote=\count274
)
Package hyperref Info: Driver (autodetected): hpdftex.
 (/usr/local/texlive/2021/texmf-dist/tex/latex/hyperref/hpdftex.def
File: hpdftex.def 2021-02-27 v7.00k Hyperref driver for pdfTeX
 (/usr/local/texlive/2021/texmf-dist/tex/latex/base/atveryend-ltx.sty
Package: atveryend-ltx 2020/08/19 v1.0a Emulation of the original atvery package
with kernel methods
)
\Fld@listcount=\count275
\c@bookmark@seq@number=\count276
 (/usr/local/texlive/2021/texmf-dist/tex/latex/rerunfilecheck/rerunfilecheck.sty
Package: rerunfilecheck 2019/12/05 v1.9 Rerun checks for auxiliary files (HO)
 (/usr/local/texlive/2021/texmf-dist/tex/generic/uniquecounter/uniquecounter.sty
Package: uniquecounter 2019/12/15 v1.4 Provide unlimited unique counter (HO)
)
Package uniquecounter Info: New unique counter `rerunfilecheck' on input line 286.
)
\Hy@SectionHShift=\skip51
) (/usr/local/texlive/2021/texmf-dist/tex/latex/caption/caption.sty
Package: caption 2020/10/26 v3.5g Customizing captions (AR)
 (/usr/local/texlive/2021/texmf-dist/tex/latex/caption/caption3.sty
Package: caption3 2020/10/21 v2.2e caption3 kernel (AR)
\captionmargin=\dimen163
\captionmargin@=\dimen164
\captionwidth=\dimen165
\caption@tempdima=\dimen166
\caption@indent=\dimen167
\caption@parindent=\dimen168
\caption@hangindent=\dimen169
Package caption Info: Standard document class detected.
)
\c@caption@flags=\count277
\c@continuedfloat=\count278
Package caption Info: hyperref package is loaded.
) (/usr/local/texlive/2021/texmf-dist/tex/latex/listings/listings.sty
\lst@mode=\count279
\lst@gtempboxa=\box93
\lst@token=\toks24
\lst@length=\count280
\lst@currlwidth=\dimen170
\lst@column=\count281
\lst@pos=\count282
\lst@lostspace=\dimen171
\lst@width=\dimen172
\lst@newlines=\count283
\lst@lineno=\count284
\lst@maxwidth=\dimen173
 (/usr/local/texlive/2021/texmf-dist/tex/latex/listings/lstmisc.sty
File: lstmisc.sty 2020/03/24 1.8d (Carsten Heinz)
\c@lstnumber=\count285
\lst@skipnumbers=\count286
\lst@framebox=\box94
) (/usr/local/texlive/2021/texmf-dist/tex/latex/listings/listings.cfg
File: listings.cfg 2020/03/24 1.8d listings configuration
))
Package: listings 2020/03/24 1.8d (Carsten Heinz)
 (/usr/local/texlive/2021/texmf-dist/tex/latex/tools/indentfirst.sty
Package: indentfirst 1995/11/23 v1.03 Indent first paragraph (DPC)
)
Package hyperref Info: Option `colorlinks' set `true' on input line 18.
 (/usr/local/texlive/2021/texmf-dist/tex/latex/l3backend/l3backend-pdftex.def
File: l3backend-pdftex.def 2021-03-18 L3 backend support: PDF output (pdfTeX)
\l__color_backend_stack_int=\count287
\l__pdf_internal_box=\box95
) (/Users/vathanahim/Documents/GradSchool/UNCG-Fall2021/IAC622/Assignments/IAC622_Assignment3/Latex/assignment3.aux)
\openout1 = `assignment3.aux'.

LaTeX Font Info:    Checking defaults for OML/cmm/m/it on input line 24.
LaTeX Font Info:    ... okay on input line 24.
LaTeX Font Info:    Checking defaults for OMS/cmsy/m/n on input line 24.
LaTeX Font Info:    ... okay on input line 24.
LaTeX Font Info:    Checking defaults for OT1/cmr/m/n on input line 24.
LaTeX Font Info:    ... okay on input line 24.
LaTeX Font Info:    Checking defaults for T1/cmr/m/n on input line 24.
LaTeX Font Info:    ... okay on input line 24.
LaTeX Font Info:    Checking defaults for TS1/cmr/m/n on input line 24.
LaTeX Font Info:    ... okay on input line 24.
LaTeX Font Info:    Checking defaults for OMX/cmex/m/n on input line 24.
LaTeX Font Info:    ... okay on input line 24.
LaTeX Font Info:    Checking defaults for U/cmr/m/n on input line 24.
LaTeX Font Info:    ... okay on input line 24.
LaTeX Font Info:    Checking defaults for PD1/pdf/m/n on input line 24.
LaTeX Font Info:    ... okay on input line 24.
LaTeX Font Info:    Checking defaults for PU/pdf/m/n on input line 24.
LaTeX Font Info:    ... okay on input line 24.
 (/usr/local/texlive/2021/texmf-dist/tex/context/base/mkii/supp-pdf.mkii
[Loading MPS to PDF converter (version 2006.09.02).]
\scratchcounter=\count288
\scratchdimen=\dimen174
\scratchbox=\box96
\nofMPsegments=\count289
\nofMParguments=\count290
\everyMPshowfont=\toks25
\MPscratchCnt=\count291
\MPscratchDim=\dimen175
\MPnumerator=\count292
\makeMPintoPDFobject=\count293
\everyMPtoPDFconversion=\toks26
) (/usr/local/texlive/2021/texmf-dist/tex/latex/epstopdf-pkg/epstopdf-base.sty
Package: epstopdf-base 2020-01-24 v2.11 Base part for package epstopdf
Package epstopdf-base Info: Redefining graphics rule for `.eps' on input line 485.
 (/usr/local/texlive/2021/texmf-dist/tex/latex/latexconfig/epstopdf-sys.cfg
File: epstopdf-sys.cfg 2010/07/13 v1.3 Configuration of (r)epstopdf for TeX Live
)) (/usr/local/texlive/2021/texmf-dist/tex/latex/graphics/color.sty
Package: color 2020/02/24 v1.2b Standard LaTeX Color (DPC)
 (/usr/local/texlive/2021/texmf-dist/tex/latex/graphics-cfg/color.cfg
File: color.cfg 2016/01/02 v1.6 sample color configuration
)
Package color Info: Driver file: pdftex.def on input line 147.
)
Package hyperref Info: Link coloring ON on input line 24.
 (/usr/local/texlive/2021/texmf-dist/tex/latex/hyperref/nameref.sty
Package: nameref 2021-04-02 v2.47 Cross-referencing by name of section
 (/usr/local/texlive/2021/texmf-dist/tex/latex/refcount/refcount.sty
Package: refcount 2019/12/15 v3.6 Data extraction from label references (HO)
) (/usr/local/texlive/2021/texmf-dist/tex/generic/gettitlestring/gettitlestring.sty
Package: gettitlestring 2019/12/15 v1.6 Cleanup title references (HO)
)
\c@section@level=\count294
)
LaTeX Info: Redefining \ref on input line 24.
LaTeX Info: Redefining \pageref on input line 24.
LaTeX Info: Redefining \nameref on input line 24.
 (/Users/vathanahim/Documents/GradSchool/UNCG-Fall2021/IAC622/Assignments/IAC622_Assignment3/Latex/assignment3.out) (/Users/vathanahim/Documents/GradSchool/UNCG-Fall2021/IAC622/Assignments/IAC622_Assignment3/Latex/assignment3.out)
\@outlinefile=\write3
\openout3 = `assignment3.out'.

Package caption Info: Begin \AtBeginDocument code.
Package caption Info: listings package is loaded.
Package caption Info: End \AtBeginDocument code.
\c@lstlisting=\count295
LaTeX Font Info:    External font `cmex10' loaded for size
(Font)              <14.4> on input line 26.
LaTeX Font Info:    External font `cmex10' loaded for size
(Font)              <7> on input line 26.
 [1


Non-PDF special ignored!
<special> header=tree-dvips91.pro
{/usr/local/texlive/2021/texmf-var/fonts/map/pdftex/updmap/pdftex.map}]

Package caption Warning: The option `hypcap=true' will be ignored for this
(caption)                particular \caption on input line 46.
See the caption package documentation for explanation.

<../screenshot/csvs.png, id=80, 707.64375pt x 280.04625pt>
File: ../screenshot/csvs.png Graphic file (type png)
<use ../screenshot/csvs.png>
Package pdftex.def Info: ../screenshot/csvs.png  used on input line 47.
(pdftex.def)             Requested size: 141.52625pt x 56.00824pt.
[2 </Users/vathanahim/Documents/GradSchool/UNCG-Fall2021/IAC622/Assignments/IAC622_Assignment3/Latex/../screenshot/csvs.png>]

Package caption Warning: The option `hypcap=true' will be ignored for this
(caption)                particular \caption on input line 66.
See the caption package documentation for explanation.

<../screenshot/Rf-Non-Overlapping01/score.png, id=88, 386.44376pt x 47.17625pt>
File: ../screenshot/Rf-Non-Overlapping01/score.png Graphic file (type png)
<use ../screenshot/Rf-Non-Overlapping01/score.png>
Package pdftex.def Info: ../screenshot/Rf-Non-Overlapping01/score.png  used on input line 67.
(pdftex.def)             Requested size: 193.2214pt x 23.58806pt.

Overfull \hbox (3.2214pt too wide) in paragraph at lines 67--68
 [] 
 []


Package caption Warning: The option `hypcap=true' will be ignored for this
(caption)                particular \caption on input line 69.
See the caption package documentation for explanation.


Underfull \hbox (badness 5939) in paragraph at lines 69--69
[]\OT1/cmr/m/n/12 Figure 3: |[]Non-Overlapping RF
 []

<../screenshot/Rf-Non-Overlapping01/cf.png, id=89, 350.30875pt x 290.08376pt>
File: ../screenshot/Rf-Non-Overlapping01/cf.png Graphic file (type png)
<use ../screenshot/Rf-Non-Overlapping01/cf.png>
Package pdftex.def Info: ../screenshot/Rf-Non-Overlapping01/cf.png  used on input line 70.
(pdftex.def)             Requested size: 175.15395pt x 145.04152pt.

Package caption Warning: The option `hypcap=true' will be ignored for this
(caption)                particular \caption on input line 72.
See the caption package documentation for explanation.

<../screenshot/Rf-Non-Overlapping012/calc_score.png, id=90, 365.365pt x 96.36pt>
File: ../screenshot/Rf-Non-Overlapping012/calc_score.png Graphic file (type png)
<use ../screenshot/Rf-Non-Overlapping012/calc_score.png>
Package pdftex.def Info: ../screenshot/Rf-Non-Overlapping012/calc_score.png  used on input line 73.
(pdftex.def)             Requested size: 182.68205pt x 48.17987pt.

Package caption Warning: The option `hypcap=true' will be ignored for this
(caption)                particular \caption on input line 88.
See the caption package documentation for explanation.

<../screenshot/Rf-Overlapping01/score.png, id=91, 428.60126pt x 40.15pt>
File: ../screenshot/Rf-Overlapping01/score.png Graphic file (type png)
<use ../screenshot/Rf-Overlapping01/score.png>
Package pdftex.def Info: ../screenshot/Rf-Overlapping01/score.png  used on input line 89.
(pdftex.def)             Requested size: 214.3001pt x 20.07494pt.

Overfull \hbox (24.3001pt too wide) in paragraph at lines 89--90
 [] 
 []


Package caption Warning: The option `hypcap=true' will be ignored for this
(caption)                particular \caption on input line 91.
See the caption package documentation for explanation.


Underfull \hbox (badness 10000) in paragraph at lines 91--91
[]\OT1/cmr/m/n/12 Figure 6: |[]Over-lapping RF
 []

<../screenshot/Rf-Overlapping01/cf.png, id=92, 345.29pt x 285.065pt>
File: ../screenshot/Rf-Overlapping01/cf.png Graphic file (type png)
<use ../screenshot/Rf-Overlapping01/cf.png>
Package pdftex.def Info: ../screenshot/Rf-Overlapping01/cf.png  used on input line 92.
(pdftex.def)             Requested size: 172.64456pt x 142.53215pt.

Package caption Warning: The option `hypcap=true' will be ignored for this
(caption)                particular \caption on input line 94.
See the caption package documentation for explanation.

[3 </Users/vathanahim/Documents/GradSchool/UNCG-Fall2021/IAC622/Assignments/IAC622_Assignment3/Latex/../screenshot/Rf-Non-Overlapping01/score.png> </Users/vathanahim/Documents/GradSchool/UNCG-Fall2021/IAC622/Assignments/IAC622_Assignment3/Latex/../screenshot/Rf-Non-Overlapping01/cf.png> </Users/vathanahim/Documents/GradSchool/UNCG-Fall2021/IAC622/Assignments/IAC622_Assignment3/Latex/../screenshot/Rf-Non-Overlapping012/calc_score.png> </Users/vathanahim/Documents/GradSchool/UNCG-Fall2021/IAC622/Assignments/IAC622_Assignment3/Latex/../screenshot/Rf-Overlapping01/score.png>]
<../screenshot/Rf-Overlapping01/calc_score.png, id=105, 354.32375pt x 71.26625pt>
File: ../screenshot/Rf-Overlapping01/calc_score.png Graphic file (type png)
<use ../screenshot/Rf-Overlapping01/calc_score.png>
Package pdftex.def Info: ../screenshot/Rf-Overlapping01/calc_score.png  used on input line 95.
(pdftex.def)             Requested size: 177.16144pt x 35.63303pt.


Package caption Warning: The option `hypcap=true' will be ignored for this
(caption)                particular \caption on input line 111.
See the caption package documentation for explanation.

<../screenshot/Non-Overlapping-Elastic-results/results.png, id=106, 430.60875pt x 44.165pt>
File: ../screenshot/Non-Overlapping-Elastic-results/results.png Graphic file (type png)
<use ../screenshot/Non-Overlapping-Elastic-results/results.png>
Package pdftex.def Info: ../screenshot/Non-Overlapping-Elastic-results/results.png  used on input line 112.
(pdftex.def)             Requested size: 215.30383pt x 22.08243pt.

Overfull \hbox (25.30383pt too wide) in paragraph at lines 112--113
 [] 
 []


Package caption Warning: The option `hypcap=true' will be ignored for this
(caption)                particular \caption on input line 114.
See the caption package documentation for explanation.

<../screenshot/Non-Overlapping-Elastic-results/cf.png, id=107, 341.275pt x 307.1475pt>
File: ../screenshot/Non-Overlapping-Elastic-results/cf.png Graphic file (type png)
<use ../screenshot/Non-Overlapping-Elastic-results/cf.png>
Package pdftex.def Info: ../screenshot/Non-Overlapping-Elastic-results/cf.png  used on input line 115.
(pdftex.def)             Requested size: 170.63707pt x 153.57336pt.

Package caption Warning: The option `hypcap=true' will be ignored for this
(caption)                particular \caption on input line 117.
See the caption package documentation for explanation.

<../screenshot/Non-Overlapping-Elastic-results/calc_score.png, id=108, 362.35374pt x 73.27374pt>
File: ../screenshot/Non-Overlapping-Elastic-results/calc_score.png Graphic file (type png)
<use ../screenshot/Non-Overlapping-Elastic-results/calc_score.png>
Package pdftex.def Info: ../screenshot/Non-Overlapping-Elastic-results/calc_score.png  used on input line 118.
(pdftex.def)             Requested size: 181.17642pt x 36.63676pt.
[4 </Users/vathanahim/Documents/GradSchool/UNCG-Fall2021/IAC622/Assignments/IAC622_Assignment3/Latex/../screenshot/Rf-Overlapping01/cf.png> </Users/vathanahim/Documents/GradSchool/UNCG-Fall2021/IAC622/Assignments/IAC622_Assignment3/Latex/../screenshot/Rf-Overlapping01/calc_score.png> </Users/vathanahim/Documents/GradSchool/UNCG-Fall2021/IAC622/Assignments/IAC622_Assignment3/Latex/../screenshot/Non-Overlapping-Elastic-results/results.png> </Users/vathanahim/Documents/GradSchool/UNCG-Fall2021/IAC622/Assignments/IAC622_Assignment3/Latex/../screenshot/Non-Overlapping-Elastic-results/cf.png> </Users/vathanahim/Documents/GradSchool/UNCG-Fall2021/IAC622/Assignments/IAC622_Assignment3/Latex/../screenshot/Non-Overlapping-Elastic-results/calc_score.png>]

Package caption Warning: The option `hypcap=true' will be ignored for this
(caption)                particular \caption on input line 135.
See the caption package documentation for explanation.

<../screenshot/Overlapping-Elastic-results/results.png, id=123, 388.45125pt x 43.16125pt>
File: ../screenshot/Overlapping-Elastic-results/results.png Graphic file (type png)
<use ../screenshot/Overlapping-Elastic-results/results.png>
Package pdftex.def Info: ../screenshot/Overlapping-Elastic-results/results.png  used on input line 136.
(pdftex.def)             Requested size: 194.22514pt x 21.58057pt.

Overfull \hbox (4.22514pt too wide) in paragraph at lines 136--137
 [] 
 []


Package caption Warning: The option `hypcap=true' will be ignored for this
(caption)                particular \caption on input line 138.
See the caption package documentation for explanation.

<../screenshot/Overlapping-Elastic-results/cf.png, id=124, 355.3275pt x 305.14pt>
File: ../screenshot/Overlapping-Elastic-results/cf.png Graphic file (type png)
<use ../screenshot/Overlapping-Elastic-results/cf.png>
Package pdftex.def Info: ../screenshot/Overlapping-Elastic-results/cf.png  used on input line 139.
(pdftex.def)             Requested size: 177.6633pt x 152.56961pt.

Package caption Warning: The option `hypcap=true' will be ignored for this
(caption)                particular \caption on input line 141.
See the caption package documentation for explanation.

<../screenshot/Overlapping-Elastic-results/hand_score.png, id=125, 355.3275pt x 85.31876pt>
File: ../screenshot/Overlapping-Elastic-results/hand_score.png Graphic file (type png)
<use ../screenshot/Overlapping-Elastic-results/hand_score.png>
Package pdftex.def Info: ../screenshot/Overlapping-Elastic-results/hand_score.png  used on input line 142.
(pdftex.def)             Requested size: 177.6633pt x 42.65926pt.

Underfull \hbox (badness 5175) in paragraph at lines 146--154
\OT1/cmr/m/n/12 non-overlapping clas-si-fi-ca-tion ran-
 []

[5 </Users/vathanahim/Documents/GradSchool/UNCG-Fall2021/IAC622/Assignments/IAC622_Assignment3/Latex/../screenshot/Overlapping-Elastic-results/results.png> </Users/vathanahim/Documents/GradSchool/UNCG-Fall2021/IAC622/Assignments/IAC622_Assignment3/Latex/../screenshot/Overlapping-Elastic-results/cf.png> </Users/vathanahim/Documents/GradSchool/UNCG-Fall2021/IAC622/Assignments/IAC622_Assignment3/Latex/../screenshot/Overlapping-Elastic-results/hand_score.png>]

Package caption Warning: The option `hypcap=true' will be ignored for this
(caption)                particular \caption on input line 158.
See the caption package documentation for explanation.

<../screenshot/Rf-Non-Overlapping012/score.png, id=136, 425.59pt x 44.165pt>
File: ../screenshot/Rf-Non-Overlapping012/score.png Graphic file (type png)
<use ../screenshot/Rf-Non-Overlapping012/score.png>
Package pdftex.def Info: ../screenshot/Rf-Non-Overlapping012/score.png  used on input line 159.
(pdftex.def)             Requested size: 212.79446pt x 22.08243pt.

Overfull \hbox (22.79446pt too wide) in paragraph at lines 159--160
 [] 
 []


Package caption Warning: The option `hypcap=true' will be ignored for this
(caption)                particular \caption on input line 161.
See the caption package documentation for explanation.

<../screenshot/Rf-Non-Overlapping012/cf.png, id=137, 332.24126pt x 295.1025pt>
File: ../screenshot/Rf-Non-Overlapping012/cf.png Graphic file (type png)
<use ../screenshot/Rf-Non-Overlapping012/cf.png>
Package pdftex.def Info: ../screenshot/Rf-Non-Overlapping012/cf.png  used on input line 162.
(pdftex.def)             Requested size: 166.12021pt x 147.55087pt.

Package caption Warning: The option `hypcap=true' will be ignored for this
(caption)                particular \caption on input line 164.
See the caption package documentation for explanation.

File: ../screenshot/Rf-Non-Overlapping012/calc_score.png Graphic file (type png)
<use ../screenshot/Rf-Non-Overlapping012/calc_score.png>
Package pdftex.def Info: ../screenshot/Rf-Non-Overlapping012/calc_score.png  used on input line 165.
(pdftex.def)             Requested size: 182.68205pt x 48.17987pt.

Package caption Warning: The option `hypcap=true' will be ignored for this
(caption)                particular \caption on input line 181.
See the caption package documentation for explanation.

<../screenshot/Rf-Overlapping012/score.png, id=138, 374.39874pt x 45.16875pt>
File: ../screenshot/Rf-Overlapping012/score.png Graphic file (type png)
<use ../screenshot/Rf-Overlapping012/score.png>
Package pdftex.def Info: ../screenshot/Rf-Overlapping012/score.png  used on input line 182.
(pdftex.def)             Requested size: 187.19891pt x 22.5843pt.

Package caption Warning: The option `hypcap=true' will be ignored for this
(caption)                particular \caption on input line 184.
See the caption package documentation for explanation.

<../screenshot/Rf-Overlapping012/cf.png, id=139, 320.19624pt x 283.0575pt>
File: ../screenshot/Rf-Overlapping012/cf.png Graphic file (type png)
<use ../screenshot/Rf-Overlapping012/cf.png>
Package pdftex.def Info: ../screenshot/Rf-Overlapping012/cf.png  used on input line 185.
(pdftex.def)             Requested size: 160.09772pt x 141.5284pt.

Package caption Warning: The option `hypcap=true' will be ignored for this
(caption)                particular \caption on input line 187.
See the caption package documentation for explanation.

[6 </Users/vathanahim/Documents/GradSchool/UNCG-Fall2021/IAC622/Assignments/IAC622_Assignment3/Latex/../screenshot/Rf-Non-Overlapping012/score.png> </Users/vathanahim/Documents/GradSchool/UNCG-Fall2021/IAC622/Assignments/IAC622_Assignment3/Latex/../screenshot/Rf-Non-Overlapping012/cf.png> </Users/vathanahim/Documents/GradSchool/UNCG-Fall2021/IAC622/Assignments/IAC622_Assignment3/Latex/../screenshot/Rf-Overlapping012/score.png>]
<../screenshot/Rf-Overlapping012/calc_result.png, id=152, 354.32375pt x 83.31125pt>
File: ../screenshot/Rf-Overlapping012/calc_result.png Graphic file (type png)
<use ../screenshot/Rf-Overlapping012/calc_result.png>
Package pdftex.def Info: ../screenshot/Rf-Overlapping012/calc_result.png  used on input line 188.
(pdftex.def)             Requested size: 177.16144pt x 41.65552pt.
LaTeX Font Info:    External font `cmex10' loaded for size
(Font)              <12> on input line 192.
LaTeX Font Info:    External font `cmex10' loaded for size
(Font)              <8> on input line 192.
LaTeX Font Info:    External font `cmex10' loaded for size
(Font)              <6> on input line 192.
LaTeX Font Info:    External font `cmex10' loaded for size
(Font)              <5> on input line 192.

Underfull \hbox (badness 10000) in paragraph at lines 192--200
\OT1/cmr/m/n/12 is to ex-plained the knowl-edge
 []


Package multicol Warning: I moved some lines to the next page.
(multicol)                Footnotes on page 7 might be wrong on input line 207.

[7 </Users/vathanahim/Documents/GradSchool/UNCG-Fall2021/IAC622/Assignments/IAC622_Assignment3/Latex/../screenshot/Rf-Overlapping012/cf.png> </Users/vathanahim/Documents/GradSchool/UNCG-Fall2021/IAC622/Assignments/IAC622_Assignment3/Latex/../screenshot/Rf-Overlapping012/calc_result.png>]

Package caption Warning: The option `hypcap=true' will be ignored for this
(caption)                particular \caption on input line 219.
See the caption package documentation for explanation.

<../screenshot/cpu_cluster.png, id=166, 665.48625pt x 453.695pt>
File: ../screenshot/cpu_cluster.png Graphic file (type png)
<use ../screenshot/cpu_cluster.png>
Package pdftex.def Info: ../screenshot/cpu_cluster.png  used on input line 220.
(pdftex.def)             Requested size: 266.18977pt x 181.47478pt.

Overfull \hbox (76.18977pt too wide) in paragraph at lines 220--221
 [] 
 []


Package caption Warning: The option `hypcap=true' will be ignored for this
(caption)                particular \caption on input line 222.
See the caption package documentation for explanation.

<../screenshot/dataload.png, id=167, 517.935pt x 256.96pt>
File: ../screenshot/dataload.png Graphic file (type png)
<use ../screenshot/dataload.png>
Package pdftex.def Info: ../screenshot/dataload.png  used on input line 223.
(pdftex.def)             Requested size: 207.17032pt x 102.78217pt.

Overfull \hbox (17.17032pt too wide) in paragraph at lines 223--224
 [][] 
 []

[8 </Users/vathanahim/Documents/GradSchool/UNCG-Fall2021/IAC622/Assignments/IAC622_Assignment3/Latex/../screenshot/cpu_cluster.png> </Users/vathanahim/Documents/GradSchool/UNCG-Fall2021/IAC622/Assignments/IAC622_Assignment3/Latex/../screenshot/dataload.png>]

Package caption Warning: The option `hypcap=true' will be ignored for this
(caption)                particular \caption on input line 240.
See the caption package documentation for explanation.

<../screenshot/Pre-Non-Overlapping/dist01.png, id=176, 458.71375pt x 299.1175pt>
File: ../screenshot/Pre-Non-Overlapping/dist01.png Graphic file (type png)
<use ../screenshot/Pre-Non-Overlapping/dist01.png>
Package pdftex.def Info: ../screenshot/Pre-Non-Overlapping/dist01.png  used on input line 241.
(pdftex.def)             Requested size: 183.48224pt x 119.64487pt.

Package caption Warning: The option `hypcap=true' will be ignored for this
(caption)                particular \caption on input line 243.
See the caption package documentation for explanation.

<../screenshot/Pre-Non-Overlapping/box01.png, id=177, 418.56375pt x 292.09125pt>
File: ../screenshot/Pre-Non-Overlapping/box01.png Graphic file (type png)
<use ../screenshot/Pre-Non-Overlapping/box01.png>
Package pdftex.def Info: ../screenshot/Pre-Non-Overlapping/box01.png  used on input line 244.
(pdftex.def)             Requested size: 167.42252pt x 116.83441pt.

Package caption Warning: The option `hypcap=true' will be ignored for this
(caption)                particular \caption on input line 246.
See the caption package documentation for explanation.

<../screenshot/Pre-Non-Overlapping/dis012.png, id=178, 460.72125pt x 278.03876pt>
File: ../screenshot/Pre-Non-Overlapping/dis012.png Graphic file (type png)
<use ../screenshot/Pre-Non-Overlapping/dis012.png>
Package pdftex.def Info: ../screenshot/Pre-Non-Overlapping/dis012.png  used on input line 247.
(pdftex.def)             Requested size: 184.28523pt x 111.21352pt.

Package caption Warning: The option `hypcap=true' will be ignored for this
(caption)                particular \caption on input line 249.
See the caption package documentation for explanation.

[9 </Users/vathanahim/Documents/GradSchool/UNCG-Fall2021/IAC622/Assignments/IAC622_Assignment3/Latex/../screenshot/Pre-Non-Overlapping/dist01.png> </Users/vathanahim/Documents/GradSchool/UNCG-Fall2021/IAC622/Assignments/IAC622_Assignment3/Latex/../screenshot/Pre-Non-Overlapping/box01.png>]
<../screenshot/Pre-Non-Overlapping/box012.png, id=188, 415.5525pt x 278.03876pt>
File: ../screenshot/Pre-Non-Overlapping/box012.png Graphic file (type png)
<use ../screenshot/Pre-Non-Overlapping/box012.png>
Package pdftex.def Info: ../screenshot/Pre-Non-Overlapping/box012.png  used on input line 250.
(pdftex.def)             Requested size: 166.21805pt x 111.21352pt.


Package caption Warning: The option `hypcap=true' will be ignored for this
(caption)                particular \caption on input line 252.
See the caption package documentation for explanation.

<../screenshot/Pre-Overlapping/dist01.png, id=189, 422.57875pt x 289.08pt>
File: ../screenshot/Pre-Overlapping/dist01.png Graphic file (type png)
<use ../screenshot/Pre-Overlapping/dist01.png>
Package pdftex.def Info: ../screenshot/Pre-Overlapping/dist01.png  used on input line 253.
(pdftex.def)             Requested size: 169.0285pt x 115.62994pt.

Package caption Warning: The option `hypcap=true' will be ignored for this
(caption)                particular \caption on input line 255.
See the caption package documentation for explanation.

<../screenshot/Pre-Overlapping/box01.png, id=190, 426.59375pt x 286.06876pt>
File: ../screenshot/Pre-Overlapping/box01.png Graphic file (type png)
<use ../screenshot/Pre-Overlapping/box01.png>
Package pdftex.def Info: ../screenshot/Pre-Overlapping/box01.png  used on input line 256.
(pdftex.def)             Requested size: 170.63446pt x 114.42546pt.

Package caption Warning: The option `hypcap=true' will be ignored for this
(caption)                particular \caption on input line 258.
See the caption package documentation for explanation.

<../screenshot/Pre-Overlapping/dist012.png, id=191, 412.54124pt x 288.07625pt>
File: ../screenshot/Pre-Overlapping/dist012.png Graphic file (type png)
<use ../screenshot/Pre-Overlapping/dist012.png>
Package pdftex.def Info: ../screenshot/Pre-Overlapping/dist012.png  used on input line 259.
(pdftex.def)             Requested size: 165.01357pt x 115.22844pt.

Package caption Warning: The option `hypcap=true' will be ignored for this
(caption)                particular \caption on input line 261.
See the caption package documentation for explanation.

<../screenshot/Pre-Overlapping/box012.png, id=192, 418.56375pt x 285.065pt>
File: ../screenshot/Pre-Overlapping/box012.png Graphic file (type png)
<use ../screenshot/Pre-Overlapping/box012.png>
Package pdftex.def Info: ../screenshot/Pre-Overlapping/box012.png  used on input line 262.
(pdftex.def)             Requested size: 167.42252pt x 114.02397pt.

Underfull \hbox (badness 10000) in paragraph at lines 265--270
\OT1/cmr/m/n/12 learn-ing model im-ple-mented in
 []

[10 </Users/vathanahim/Documents/GradSchool/UNCG-Fall2021/IAC622/Assignments/IAC622_Assignment3/Latex/../screenshot/Pre-Non-Overlapping/dis012.png> </Users/vathanahim/Documents/GradSchool/UNCG-Fall2021/IAC622/Assignments/IAC622_Assignment3/Latex/../screenshot/Pre-Non-Overlapping/box012.png> </Users/vathanahim/Documents/GradSchool/UNCG-Fall2021/IAC622/Assignments/IAC622_Assignment3/Latex/../screenshot/Pre-Overlapping/dist01.png> </Users/vathanahim/Documents/GradSchool/UNCG-Fall2021/IAC622/Assignments/IAC622_Assignment3/Latex/../screenshot/Pre-Overlapping/box01.png> </Users/vathanahim/Documents/GradSchool/UNCG-Fall2021/IAC622/Assignments/IAC622_Assignment3/Latex/../screenshot/Pre-Overlapping/dist012.png> </Users/vathanahim/Documents/GradSchool/UNCG-Fall2021/IAC622/Assignments/IAC622_Assignment3/Latex/../screenshot/Pre-Overlapping/box012.png>]

Package caption Warning: The option `hypcap=true' will be ignored for this
(caption)                particular \caption on input line 275.
See the caption package documentation for explanation.

<../screenshot/Non-Overlapping/score01.png, id=209, 454.69875pt x 207.77625pt>
File: ../screenshot/Non-Overlapping/score01.png Graphic file (type png)
<use ../screenshot/Non-Overlapping/score01.png>
Package pdftex.def Info: ../screenshot/Non-Overlapping/score01.png  used on input line 276.
(pdftex.def)             Requested size: 181.87627pt x 83.10901pt.

Package caption Warning: The option `hypcap=true' will be ignored for this
(caption)                particular \caption on input line 278.
See the caption package documentation for explanation.

<../screenshot/Non-Overlapping/cf01.png, id=210, 493.845pt x 464.73625pt>
File: ../screenshot/Non-Overlapping/cf01.png Graphic file (type png)
<use ../screenshot/Non-Overlapping/cf01.png>
Package pdftex.def Info: ../screenshot/Non-Overlapping/cf01.png  used on input line 279.
(pdftex.def)             Requested size: 148.15463pt x 139.42194pt.

Package caption Warning: The option `hypcap=true' will be ignored for this
(caption)                particular \caption on input line 281.
See the caption package documentation for explanation.

<../screenshot/Non-Overlapping/roc01.png, id=211, 592.2125pt x 465.74pt>
File: ../screenshot/Non-Overlapping/roc01.png Graphic file (type png)
<use ../screenshot/Non-Overlapping/roc01.png>
Package pdftex.def Info: ../screenshot/Non-Overlapping/roc01.png  used on input line 282.
(pdftex.def)             Requested size: 177.66512pt x 139.72307pt.
[11 </Users/vathanahim/Documents/GradSchool/UNCG-Fall2021/IAC622/Assignments/IAC622_Assignment3/Latex/../screenshot/Non-Overlapping/score01.png> </Users/vathanahim/Documents/GradSchool/UNCG-Fall2021/IAC622/Assignments/IAC622_Assignment3/Latex/../screenshot/Non-Overlapping/cf01.png> </Users/vathanahim/Documents/GradSchool/UNCG-Fall2021/IAC622/Assignments/IAC622_Assignment3/Latex/../screenshot/Non-Overlapping/roc01.png>]

Package caption Warning: The option `hypcap=true' will be ignored for this
(caption)                particular \caption on input line 295.
See the caption package documentation for explanation.

<../screenshot/Overlapping/score01.png, id=222, 444.66125pt x 236.885pt>
File: ../screenshot/Overlapping/score01.png Graphic file (type png)
<use ../screenshot/Overlapping/score01.png>
Package pdftex.def Info: ../screenshot/Overlapping/score01.png  used on input line 296.
(pdftex.def)             Requested size: 177.86134pt x 94.75232pt.

Package caption Warning: The option `hypcap=true' will be ignored for this
(caption)                particular \caption on input line 298.
See the caption package documentation for explanation.

<../screenshot/Overlapping/cf01.png, id=223, 541.02126pt x 473.77pt>
File: ../screenshot/Overlapping/cf01.png Graphic file (type png)
<use ../screenshot/Overlapping/cf01.png>
Package pdftex.def Info: ../screenshot/Overlapping/cf01.png  used on input line 299.
(pdftex.def)             Requested size: 162.30762pt x 142.1321pt.

Package caption Warning: The option `hypcap=true' will be ignored for this
(caption)                particular \caption on input line 301.
See the caption package documentation for explanation.

<../screenshot/Overlapping/roc01.png, id=224, 591.20876pt x 448.67625pt>
File: ../screenshot/Overlapping/roc01.png Graphic file (type png)
<use ../screenshot/Overlapping/roc01.png>
Package pdftex.def Info: ../screenshot/Overlapping/roc01.png  used on input line 302.
(pdftex.def)             Requested size: 177.36398pt x 134.60391pt.

Underfull \hbox (badness 10000) in paragraph at lines 305--312
\OT1/cmr/m/n/12 learn-ing model im-ple-mented in
 []

[12 </Users/vathanahim/Documents/GradSchool/UNCG-Fall2021/IAC622/Assignments/IAC622_Assignment3/Latex/../screenshot/Overlapping/score01.png> </Users/vathanahim/Documents/GradSchool/UNCG-Fall2021/IAC622/Assignments/IAC622_Assignment3/Latex/../screenshot/Overlapping/cf01.png> </Users/vathanahim/Documents/GradSchool/UNCG-Fall2021/IAC622/Assignments/IAC622_Assignment3/Latex/../screenshot/Overlapping/roc01.png>]
Underfull \hbox (badness 10000) in paragraph at lines 313--313
\OT1/cmr/bx/n/14.4 Overlapping Im-
 []


Package caption Warning: The option `hypcap=true' will be ignored for this
(caption)                particular \caption on input line 315.
See the caption package documentation for explanation.

<../screenshot/Non-Overlapping/score012.png, id=235, 455.7025pt x 248.93pt>
File: ../screenshot/Non-Overlapping/score012.png Graphic file (type png)
<use ../screenshot/Non-Overlapping/score012.png>
Package pdftex.def Info: ../screenshot/Non-Overlapping/score012.png  used on input line 316.
(pdftex.def)             Requested size: 182.27776pt x 99.57022pt.

Package caption Warning: The option `hypcap=true' will be ignored for this
(caption)                particular \caption on input line 318.
See the caption package documentation for explanation.

<../screenshot/Non-Overlapping/cf012.png, id=236, 513.92pt x 458.71375pt>
File: ../screenshot/Non-Overlapping/cf012.png Graphic file (type png)
<use ../screenshot/Non-Overlapping/cf012.png>
Package pdftex.def Info: ../screenshot/Non-Overlapping/cf012.png  used on input line 319.
(pdftex.def)             Requested size: 205.56435pt x 183.48224pt.

Overfull \hbox (15.56435pt too wide) in paragraph at lines 319--320
 [][] 
 []


Package caption Warning: The option `hypcap=true' will be ignored for this
(caption)                particular \caption on input line 321.
See the caption package documentation for explanation.

<../screenshot/Non-Overlapping/roc_0.png, id=237, 609.27625pt x 462.72874pt>
File: ../screenshot/Non-Overlapping/roc_0.png Graphic file (type png)
<use ../screenshot/Non-Overlapping/roc_0.png>
Package pdftex.def Info: ../screenshot/Non-Overlapping/roc_0.png  used on input line 322.
(pdftex.def)             Requested size: 182.78427pt x 138.81969pt.

Package caption Warning: The option `hypcap=true' will be ignored for this
(caption)                particular \caption on input line 324.
See the caption package documentation for explanation.

<../screenshot/Non-Overlapping/roc_1.png, id=238, 613.29124pt x 441.65pt>
File: ../screenshot/Non-Overlapping/roc_1.png Graphic file (type png)
<use ../screenshot/Non-Overlapping/roc_1.png>
Package pdftex.def Info: ../screenshot/Non-Overlapping/roc_1.png  used on input line 325.
(pdftex.def)             Requested size: 183.98878pt x 132.49602pt.

Package caption Warning: The option `hypcap=true' will be ignored for this
(caption)                particular \caption on input line 327.
See the caption package documentation for explanation.

[13 </Users/vathanahim/Documents/GradSchool/UNCG-Fall2021/IAC622/Assignments/IAC622_Assignment3/Latex/../screenshot/Non-Overlapping/score012.png> </Users/vathanahim/Documents/GradSchool/UNCG-Fall2021/IAC622/Assignments/IAC622_Assignment3/Latex/../screenshot/Non-Overlapping/cf012.png> </Users/vathanahim/Documents/GradSchool/UNCG-Fall2021/IAC622/Assignments/IAC622_Assignment3/Latex/../screenshot/Non-Overlapping/roc_0.png>]
<../screenshot/Non-Overlapping/roc_2.png, id=251, 582.175pt x 457.71pt>
File: ../screenshot/Non-Overlapping/roc_2.png Graphic file (type png)
<use ../screenshot/Non-Overlapping/roc_2.png>
Package pdftex.def Info: ../screenshot/Non-Overlapping/roc_2.png  used on input line 328.
(pdftex.def)             Requested size: 174.65384pt x 137.31406pt.


Package caption Warning: The option `hypcap=true' will be ignored for this
(caption)                particular \caption on input line 341.
See the caption package documentation for explanation.

<../screenshot/Overlapping/score012.png, id=252, 467.7475pt x 248.93pt>
File: ../screenshot/Overlapping/score012.png Graphic file (type png)
<use ../screenshot/Overlapping/score012.png>
Package pdftex.def Info: ../screenshot/Overlapping/score012.png  used on input line 342.
(pdftex.def)             Requested size: 187.09567pt x 99.57022pt.

Package caption Warning: The option `hypcap=true' will be ignored for this
(caption)                particular \caption on input line 344.
See the caption package documentation for explanation.

<../screenshot/Overlapping/cf012.png, id=253, 500.87125pt x 451.6875pt>
File: ../screenshot/Overlapping/cf012.png Graphic file (type png)
<use ../screenshot/Overlapping/cf012.png>
Package pdftex.def Info: ../screenshot/Overlapping/cf012.png  used on input line 345.
(pdftex.def)             Requested size: 200.34494pt x 180.67178pt.

Overfull \hbox (10.34494pt too wide) in paragraph at lines 345--346
 [][] 
 []


Package caption Warning: The option `hypcap=true' will be ignored for this
(caption)                particular \caption on input line 347.
See the caption package documentation for explanation.

[14 </Users/vathanahim/Documents/GradSchool/UNCG-Fall2021/IAC622/Assignments/IAC622_Assignment3/Latex/../screenshot/Non-Overlapping/roc_1.png> </Users/vathanahim/Documents/GradSchool/UNCG-Fall2021/IAC622/Assignments/IAC622_Assignment3/Latex/../screenshot/Non-Overlapping/roc_2.png> </Users/vathanahim/Documents/GradSchool/UNCG-Fall2021/IAC622/Assignments/IAC622_Assignment3/Latex/../screenshot/Overlapping/score012.png>]
<../screenshot/Overlapping/roc_0.png, id=263, 603.25375pt x 465.74pt>
File: ../screenshot/Overlapping/roc_0.png Graphic file (type png)
<use ../screenshot/Overlapping/roc_0.png>
Package pdftex.def Info: ../screenshot/Overlapping/roc_0.png  used on input line 348.
(pdftex.def)             Requested size: 180.97751pt x 139.72307pt.


Package caption Warning: The option `hypcap=true' will be ignored for this
(caption)                particular \caption on input line 350.
See the caption package documentation for explanation.

<../screenshot/Overlapping/roc_1.png, id=264, 608.2725pt x 471.7625pt>
File: ../screenshot/Overlapping/roc_1.png Graphic file (type png)
<use ../screenshot/Overlapping/roc_1.png>
Package pdftex.def Info: ../screenshot/Overlapping/roc_1.png  used on input line 351.
(pdftex.def)             Requested size: 182.48315pt x 141.52983pt.

Package caption Warning: The option `hypcap=true' will be ignored for this
(caption)                particular \caption on input line 353.
See the caption package documentation for explanation.

<../screenshot/Overlapping/roc_2.png, id=265, 623.32875pt x 462.72874pt>
File: ../screenshot/Overlapping/roc_2.png Graphic file (type png)
<use ../screenshot/Overlapping/roc_2.png>
Package pdftex.def Info: ../screenshot/Overlapping/roc_2.png  used on input line 354.
(pdftex.def)             Requested size: 187.00006pt x 138.81969pt.
[15 </Users/vathanahim/Documents/GradSchool/UNCG-Fall2021/IAC622/Assignments/IAC622_Assignment3/Latex/../screenshot/Overlapping/cf012.png> </Users/vathanahim/Documents/GradSchool/UNCG-Fall2021/IAC622/Assignments/IAC622_Assignment3/Latex/../screenshot/Overlapping/roc_0.png> </Users/vathanahim/Documents/GradSchool/UNCG-Fall2021/IAC622/Assignments/IAC622_Assignment3/Latex/../screenshot/Overlapping/roc_1.png> </Users/vathanahim/Documents/GradSchool/UNCG-Fall2021/IAC622/Assignments/IAC622_Assignment3/Latex/../screenshot/Overlapping/roc_2.png>] (/Users/vathanahim/Documents/GradSchool/UNCG-Fall2021/IAC622/Assignments/IAC622_Assignment3/Latex/assignment3.aux)
Package rerunfilecheck Info: File `assignment3.out' has not changed.
(rerunfilecheck)             Checksum: B0EEBF40828738FCFC5E510CAF4C2925;2897.
 ) 
Here is how much of TeX's memory you used:
 10938 strings out of 478994
 175478 string characters out of 5858184
 467854 words of memory out of 5000000
 28198 multiletter control sequences out of 15000+600000
 409256 words of font info for 46 fonts, out of 8000000 for 9000
 1141 hyphenation exceptions out of 8191
 71i,8n,74p,413b,656s stack positions out of 5000i,500n,10000p,200000b,80000s
</usr/local/texlive/2021/texmf-dist/fonts/type1/public/amsfonts/cm/cmbx12.pfb></usr/local/texlive/2021/texmf-dist/fonts/type1/public/amsfonts/cm/cmbxti10.pfb></usr/local/texlive/2021/texmf-dist/fonts/type1/public/amsfonts/cm/cmr10.pfb></usr/local/texlive/2021/texmf-dist/fonts/type1/public/amsfonts/cm/cmr12.pfb></usr/local/texlive/2021/texmf-dist/fonts/type1/public/amsfonts/cm/cmr7.pfb></usr/local/texlive/2021/texmf-dist/fonts/type1/public/amsfonts/cm/cmr8.pfb>
Output written on /Users/vathanahim/Documents/GradSchool/UNCG-Fall2021/IAC622/Assignments/IAC622_Assignment3/Latex/assignment3.pdf (15 pages, 1086286 bytes).
PDF statistics:
 320 PDF objects out of 1000 (max. 8388607)
 206 compressed objects within 3 object streams
 79 named destinations out of 1000 (max. 500000)
 357 words of extra memory for PDF output out of 10000 (max. 10000000)

