\BOOKMARK [1][-]{section.1}{\376\377\000A\000b\000s\000t\000r\000a\000c\000t}{}% 1
\BOOKMARK [1][-]{section.2}{\376\377\000S\000e\000t\000t\000i\000n\000g\000\040\000U\000p}{}% 2
\BOOKMARK [2][-]{subsection.2.1}{\376\377\000S\000e\000c\000t\000i\000o\000n\000\040\0001\000\040\000F\000i\000g\000u\000r\000e\000s}{section.2}% 3
\BOOKMARK [1][-]{section.3}{\376\377\000C\000h\000o\000o\000s\000e\000n\000\040\000I\000m\000a\000g\000e\000s}{}% 4
\BOOKMARK [2][-]{subsection.3.1}{\376\377\000S\000e\000c\000t\000i\000o\000n\000\040\0003\000\040\000F\000i\000g\000u\000r\000e\000s}{section.3}% 5
\BOOKMARK [1][-]{section.4}{\376\377\000T\000a\000s\000k\000\040\0003}{}% 6
\BOOKMARK [2][-]{subsection.4.1}{\376\377\000T\000a\000s\000k\000\040\0003\000\040\000R\000e\000s\000u\000l\000t\000s}{section.4}% 7
\BOOKMARK [2][-]{subsection.4.2}{\376\377\000C\000o\000d\000e}{section.4}% 8
\BOOKMARK [1][-]{section.5}{\376\377\000T\000a\000s\000k\000\040\0004}{}% 9
\BOOKMARK [2][-]{subsection.5.1}{\376\377\000T\000a\000s\000k\000\040\0004\000\040\000R\000e\000s\000u\000l\000t}{section.5}% 10
\BOOKMARK [2][-]{subsection.5.2}{\376\377\000C\000o\000d\000e}{section.5}% 11
\BOOKMARK [1][-]{section.6}{\376\377\000T\000a\000s\000k\000\040\0005}{}% 12
\BOOKMARK [2][-]{subsection.6.1}{\376\377\000T\000a\000s\000k\000\040\0005\000\040\000R\000e\000s\000u\000l\000t\000s}{section.6}% 13
\BOOKMARK [2][-]{subsection.6.2}{\376\377\000C\000o\000d\000e}{section.6}% 14
\BOOKMARK [1][-]{section.7}{\376\377\000T\000a\000s\000k\000\040\0006}{}% 15
\BOOKMARK [2][-]{subsection.7.1}{\376\377\000T\000a\000s\000k\000\040\0006\000\040\000R\000e\000s\000u\000l\000t\000s}{section.7}% 16
\BOOKMARK [2][-]{subsection.7.2}{\376\377\000C\000o\000d\000e}{section.7}% 17
\BOOKMARK [1][-]{section.8}{\376\377\000T\000a\000s\000k\000\040\0007}{}% 18
\BOOKMARK [2][-]{subsection.8.1}{\376\377\000T\000a\000s\000k\000\040\0007\000\040\000R\000e\000s\000u\000l\000t\000s}{section.8}% 19
\BOOKMARK [2][-]{subsection.8.2}{\376\377\000C\000o\000d\000e}{section.8}% 20
\BOOKMARK [1][-]{section.9}{\376\377\000T\000a\000s\000k\000\040\0008}{}% 21
\BOOKMARK [2][-]{subsection.9.1}{\376\377\000T\000a\000s\000k\000\040\0008\000\040\000R\000e\000s\000u\000l\000t\000s}{section.9}% 22
\BOOKMARK [2][-]{subsection.9.2}{\376\377\000C\000o\000d\000e}{section.9}% 23
\BOOKMARK [1][-]{section.10}{\376\377\000T\000a\000s\000k\000\040\0009}{}% 24
\BOOKMARK [2][-]{subsection.10.1}{\376\377\000T\000a\000s\000k\000\040\0009\000\040\000R\000e\000s\000u\000l\000t\000s}{section.10}% 25
\BOOKMARK [2][-]{subsection.10.2}{\376\377\000C\000o\000d\000e}{section.10}% 26
\BOOKMARK [1][-]{section.11}{\376\377\000T\000a\000s\000k\000\040\0001\0000}{}% 27
\BOOKMARK [2][-]{subsection.11.1}{\376\377\000C\000o\000d\000e}{section.11}% 28
\BOOKMARK [1][-]{section.12}{\376\377\000T\000a\000s\000k\000\040\0001\0001}{}% 29
